function_module/realm/build/intermediates/manifest_merge_blame_file/debug/manifest-merger-blame-debug-report.txt
1<?xml version="1.0" encoding="utf-8"?>
2<manifest xmlns:android="http://schemas.android.com/apk/res/android"
3    xmlns:tools="http://schemas.android.com/tools"
4    package="com.shijingfeng.realm"
5    android:versionCode="1"
6    android:versionName="1.0.0" >
7
8    <uses-sdk
9        android:minSdkVersion="21"
9-->src\main\AndroidManifest.xml
10        android:targetSdkVersion="30" />
10-->src\main\AndroidManifest.xml
11
12    <!-- 网络权限 -->
13    <uses-permission android:name="android.permission.INTERNET" />
13-->src\main\AndroidManifest.xml:6:5-67
13-->src\main\AndroidManifest.xml:6:22-64
14    <!-- 网络状态权限 -->
15    <uses-permission android:name="android.permission.ACCESS_NETWORK_STATE" />
15-->src\main\AndroidManifest.xml:8:5-79
15-->src\main\AndroidManifest.xml:8:22-76
16    <!-- WIFI状态权限 -->
17    <uses-permission android:name="android.permission.ACCESS_WIFI_STATE" />
17-->src\main\AndroidManifest.xml:10:5-76
17-->src\main\AndroidManifest.xml:10:22-73
18
19    <application
19-->src\main\AndroidManifest.xml:12:5-16:19
20        android:allowBackup="false"
20-->src\main\AndroidManifest.xml:13:9-36
21        android:networkSecurityConfig="@xml/network_security_config"
21-->src\main\AndroidManifest.xml:14:9-69
22        tools:ignore="UnusedAttribute" >
22-->src\main\AndroidManifest.xml:15:9-39
23    </application>
24
25</manifest>